<?xml version="1.0" encoding="UTF-8"?>
<!-- Generated by org.testng.reporters.JUnitReportReporter -->
<testsuite hostname="LAPTOP-FKESUHFA" name="org.testing.TestNgOrder" tests="3" failures="0" timestamp="7 Sep 2022 13:09:18 GMT" time="26.070" errors="0">
  <testcase name="tc3" time="11.129" classname="org.testing.TestNgOrder"/>
  <testcase name="tc1" time="7.681" classname="org.testing.TestNgOrder"/>
  <testcase name="tc2" time="7.260" classname="org.testing.TestNgOrder"/>
</testsuite> <!-- org.testing.TestNgOrder -->
