<?xml version="1.0" encoding="UTF-8"?>
<!-- Generated by org.testng.reporters.JUnitReportReporter -->
<testsuite hostname="DESKTOP-1FT9DHU" name="org.testing.DataProvide" tests="4" failures="0" timestamp="17 Sep 2022 07:29:13 GMT" time="38.554" errors="0">
  <testcase name="tc1" time="9.112" classname="org.testing.DataProvide"/>
  <testcase name="tc1" time="12.210" classname="org.testing.DataProvide"/>
  <testcase name="tc1" time="8.619" classname="org.testing.DataProvide"/>
  <testcase name="tc1" time="8.613" classname="org.testing.DataProvide"/>
</testsuite> <!-- org.testing.DataProvide -->
